0 info it worked if it ends with ok
1 verbose cli [ 'C:\\Program Files\\nodejs\\node.exe',
1 verbose cli   'C:\\Program Files\\nodejs\\node_modules\\npm\\bin\\npm-cli.js',
1 verbose cli   'install' ]
2 info using npm@2.10.1
3 info using node@v0.12.4
4 verbose readDependencies loading dependencies from C:\Users\Vyara\WebstormProjects\JavaScript OOP\Player\package.json
5 verbose install where, deps [ 'C:\\Users\\Vyara\\WebstormProjects\\JavaScript OOP\\Player',
5 verbose install   [ 'body-parser',
5 verbose install     'cookie-parser',
5 verbose install     'debug',
5 verbose install     'express',
5 verbose install     'jade',
5 verbose install     'morgan',
5 verbose install     'serve-favicon' ] ]
6 verbose install where, peers [ 'C:\\Users\\Vyara\\WebstormProjects\\JavaScript OOP\\Player',
6 verbose install   [] ]
7 verbose installManyTop reading for lifecycle C:\Users\Vyara\WebstormProjects\JavaScript OOP\Player\package.json
8 info preinstall Player@0.0.0
9 verbose readDependencies loading dependencies from C:\Users\Vyara\WebstormProjects\JavaScript OOP\Player\package.json
10 silly cache add args [ 'cookie-parser@~1.3.5', null ]
11 verbose cache add spec cookie-parser@~1.3.5
12 silly cache add parsed spec { raw: 'cookie-parser@~1.3.5',
12 silly cache add   scope: null,
12 silly cache add   name: 'cookie-parser',
12 silly cache add   rawSpec: '~1.3.5',
12 silly cache add   spec: '>=1.3.5 <1.4.0',
12 silly cache add   type: 'range' }
13 silly addNamed cookie-parser@>=1.3.5 <1.4.0
14 verbose addNamed ">=1.3.5 <1.4.0" is a valid semver range for cookie-parser
15 silly addNameRange { name: 'cookie-parser',
15 silly addNameRange   range: '>=1.3.5 <1.4.0',
15 silly addNameRange   hasData: false }
16 silly mapToRegistry name cookie-parser
17 silly mapToRegistry using default registry
18 silly mapToRegistry registry https://registry.npmjs.org/
19 silly mapToRegistry uri https://registry.npmjs.org/cookie-parser
20 verbose addNameRange registry:https://registry.npmjs.org/cookie-parser not in flight; fetching
21 silly cache add args [ 'debug@~2.2.0', null ]
22 verbose cache add spec debug@~2.2.0
23 silly cache add parsed spec { raw: 'debug@~2.2.0',
23 silly cache add   scope: null,
23 silly cache add   name: 'debug',
23 silly cache add   rawSpec: '~2.2.0',
23 silly cache add   spec: '>=2.2.0 <2.3.0',
23 silly cache add   type: 'range' }
24 silly addNamed debug@>=2.2.0 <2.3.0
25 verbose addNamed ">=2.2.0 <2.3.0" is a valid semver range for debug
26 silly addNameRange { name: 'debug', range: '>=2.2.0 <2.3.0', hasData: false }
27 silly mapToRegistry name debug
28 silly mapToRegistry using default registry
29 silly mapToRegistry registry https://registry.npmjs.org/
30 silly mapToRegistry uri https://registry.npmjs.org/debug
31 verbose addNameRange registry:https://registry.npmjs.org/debug not in flight; fetching
32 silly cache add args [ 'express@~4.12.4', null ]
33 verbose cache add spec express@~4.12.4
34 silly cache add parsed spec { raw: 'express@~4.12.4',
34 silly cache add   scope: null,
34 silly cache add   name: 'express',
34 silly cache add   rawSpec: '~4.12.4',
34 silly cache add   spec: '>=4.12.4 <4.13.0',
34 silly cache add   type: 'range' }
35 silly addNamed express@>=4.12.4 <4.13.0
36 verbose addNamed ">=4.12.4 <4.13.0" is a valid semver range for express
37 silly addNameRange { name: 'express', range: '>=4.12.4 <4.13.0', hasData: false }
38 silly mapToRegistry name express
39 silly mapToRegistry using default registry
40 silly mapToRegistry registry https://registry.npmjs.org/
41 silly mapToRegistry uri https://registry.npmjs.org/express
42 verbose addNameRange registry:https://registry.npmjs.org/express not in flight; fetching
43 silly cache add args [ 'jade@~1.9.2', null ]
44 verbose cache add spec jade@~1.9.2
45 silly cache add parsed spec { raw: 'jade@~1.9.2',
45 silly cache add   scope: null,
45 silly cache add   name: 'jade',
45 silly cache add   rawSpec: '~1.9.2',
45 silly cache add   spec: '>=1.9.2 <1.10.0',
45 silly cache add   type: 'range' }
46 silly addNamed jade@>=1.9.2 <1.10.0
47 verbose addNamed ">=1.9.2 <1.10.0" is a valid semver range for jade
48 silly addNameRange { name: 'jade', range: '>=1.9.2 <1.10.0', hasData: false }
49 silly mapToRegistry name jade
50 silly mapToRegistry using default registry
51 silly mapToRegistry registry https://registry.npmjs.org/
52 silly mapToRegistry uri https://registry.npmjs.org/jade
53 verbose addNameRange registry:https://registry.npmjs.org/jade not in flight; fetching
54 silly cache add args [ 'morgan@~1.5.3', null ]
55 verbose cache add spec morgan@~1.5.3
56 silly cache add parsed spec { raw: 'morgan@~1.5.3',
56 silly cache add   scope: null,
56 silly cache add   name: 'morgan',
56 silly cache add   rawSpec: '~1.5.3',
56 silly cache add   spec: '>=1.5.3 <1.6.0',
56 silly cache add   type: 'range' }
57 silly addNamed morgan@>=1.5.3 <1.6.0
58 verbose addNamed ">=1.5.3 <1.6.0" is a valid semver range for morgan
59 silly addNameRange { name: 'morgan', range: '>=1.5.3 <1.6.0', hasData: false }
60 silly mapToRegistry name morgan
61 silly mapToRegistry using default registry
62 silly mapToRegistry registry https://registry.npmjs.org/
63 silly mapToRegistry uri https://registry.npmjs.org/morgan
64 verbose addNameRange registry:https://registry.npmjs.org/morgan not in flight; fetching
65 silly cache add args [ 'serve-favicon@~2.2.1', null ]
66 verbose cache add spec serve-favicon@~2.2.1
67 silly cache add parsed spec { raw: 'serve-favicon@~2.2.1',
67 silly cache add   scope: null,
67 silly cache add   name: 'serve-favicon',
67 silly cache add   rawSpec: '~2.2.1',
67 silly cache add   spec: '>=2.2.1 <2.3.0',
67 silly cache add   type: 'range' }
68 silly addNamed serve-favicon@>=2.2.1 <2.3.0
69 verbose addNamed ">=2.2.1 <2.3.0" is a valid semver range for serve-favicon
70 silly addNameRange { name: 'serve-favicon',
70 silly addNameRange   range: '>=2.2.1 <2.3.0',
70 silly addNameRange   hasData: false }
71 silly mapToRegistry name serve-favicon
72 silly mapToRegistry using default registry
73 silly mapToRegistry registry https://registry.npmjs.org/
74 silly mapToRegistry uri https://registry.npmjs.org/serve-favicon
75 verbose addNameRange registry:https://registry.npmjs.org/serve-favicon not in flight; fetching
76 silly cache add args [ 'body-parser@~1.12.4', null ]
77 verbose cache add spec body-parser@~1.12.4
78 silly cache add parsed spec { raw: 'body-parser@~1.12.4',
78 silly cache add   scope: null,
78 silly cache add   name: 'body-parser',
78 silly cache add   rawSpec: '~1.12.4',
78 silly cache add   spec: '>=1.12.4 <1.13.0',
78 silly cache add   type: 'range' }
79 silly addNamed body-parser@>=1.12.4 <1.13.0
80 verbose addNamed ">=1.12.4 <1.13.0" is a valid semver range for body-parser
81 silly addNameRange { name: 'body-parser',
81 silly addNameRange   range: '>=1.12.4 <1.13.0',
81 silly addNameRange   hasData: false }
82 silly mapToRegistry name body-parser
83 silly mapToRegistry using default registry
84 silly mapToRegistry registry https://registry.npmjs.org/
85 silly mapToRegistry uri https://registry.npmjs.org/body-parser
86 verbose addNameRange registry:https://registry.npmjs.org/body-parser not in flight; fetching
87 verbose request uri https://registry.npmjs.org/cookie-parser
88 verbose request no auth needed
89 info attempt registry request try #1 at 3:41:24 PM
90 verbose request id ceee0ac986474e47
91 http request GET https://registry.npmjs.org/cookie-parser
92 verbose request uri https://registry.npmjs.org/express
93 verbose request no auth needed
94 info attempt registry request try #1 at 3:41:24 PM
95 http request GET https://registry.npmjs.org/express
96 verbose request uri https://registry.npmjs.org/morgan
97 verbose request no auth needed
98 info attempt registry request try #1 at 3:41:24 PM
99 http request GET https://registry.npmjs.org/morgan
100 verbose request uri https://registry.npmjs.org/serve-favicon
101 verbose request no auth needed
102 info attempt registry request try #1 at 3:41:24 PM
103 http request GET https://registry.npmjs.org/serve-favicon
104 verbose request uri https://registry.npmjs.org/body-parser
105 verbose request no auth needed
106 info attempt registry request try #1 at 3:41:24 PM
107 http request GET https://registry.npmjs.org/body-parser
108 verbose request uri https://registry.npmjs.org/debug
109 verbose request no auth needed
110 info attempt registry request try #1 at 3:41:24 PM
111 verbose etag "81OSLK7EJMMIA2FPVBDRX54Q2"
112 http request GET https://registry.npmjs.org/debug
113 verbose request uri https://registry.npmjs.org/jade
114 verbose request no auth needed
115 info attempt registry request try #1 at 3:41:24 PM
116 verbose etag "7SBW9UXTQG4D7MK1WZJ790P56"
117 http request GET https://registry.npmjs.org/jade
118 http 304 https://registry.npmjs.org/debug
119 silly get cb [ 304,
119 silly get   { date: 'Wed, 08 Jul 2015 12:42:31 GMT',
119 silly get     via: '1.1 varnish',
119 silly get     'cache-control': 'max-age=60',
119 silly get     etag: '"81OSLK7EJMMIA2FPVBDRX54Q2"',
119 silly get     age: '14',
119 silly get     connection: 'keep-alive',
119 silly get     'x-served-by': 'cache-fra1225-FRA',
119 silly get     'x-cache': 'HIT',
119 silly get     'x-cache-hits': '2',
119 silly get     'x-timer': 'S1436359351.122852,VS0,VE0',
119 silly get     vary: 'Accept' } ]
120 verbose etag https://registry.npmjs.org/debug from cache
121 verbose get saving debug to C:\Users\Vyara\AppData\Roaming\npm-cache\registry.npmjs.org\debug\.cache.json
122 http 200 https://registry.npmjs.org/serve-favicon
123 silly get cb [ 200,
123 silly get   { server: 'CouchDB/1.5.0 (Erlang OTP/R16B03)',
123 silly get     etag: '"17QBJVSMG875P8N939Z9FK2HH"',
123 silly get     'content-type': 'application/json',
123 silly get     'cache-control': 'max-age=60',
123 silly get     'content-length': '23845',
123 silly get     'accept-ranges': 'bytes',
123 silly get     date: 'Wed, 08 Jul 2015 12:42:31 GMT',
123 silly get     via: '1.1 varnish',
123 silly get     age: '9',
123 silly get     connection: 'keep-alive',
123 silly get     'x-served-by': 'cache-fra1222-FRA',
123 silly get     'x-cache': 'HIT',
123 silly get     'x-cache-hits': '1',
123 silly get     'x-timer': 'S1436359351.089799,VS0,VE0',
123 silly get     vary: 'Accept' } ]
124 verbose get saving serve-favicon to C:\Users\Vyara\AppData\Roaming\npm-cache\registry.npmjs.org\serve-favicon\.cache.json
125 http 200 https://registry.npmjs.org/cookie-parser
126 silly get cb [ 200,
126 silly get   { server: 'CouchDB/1.5.0 (Erlang OTP/R16B03)',
126 silly get     etag: '"9PNZIALCMCWDKXMAKLL0YAWTW"',
126 silly get     'content-type': 'application/json',
126 silly get     'cache-control': 'max-age=60',
126 silly get     'content-length': '17298',
126 silly get     'accept-ranges': 'bytes',
126 silly get     date: 'Wed, 08 Jul 2015 12:42:31 GMT',
126 silly get     via: '1.1 varnish',
126 silly get     age: '14',
126 silly get     connection: 'keep-alive',
126 silly get     'x-served-by': 'cache-fra1242-FRA',
126 silly get     'x-cache': 'HIT',
126 silly get     'x-cache-hits': '1',
126 silly get     'x-timer': 'S1436359351.090413,VS0,VE0',
126 silly get     vary: 'Accept' } ]
127 verbose get saving cookie-parser to C:\Users\Vyara\AppData\Roaming\npm-cache\registry.npmjs.org\cookie-parser\.cache.json
128 silly addNameRange number 2 { name: 'debug', range: '>=2.2.0 <2.3.0', hasData: true }
129 silly addNameRange versions [ 'debug',
129 silly addNameRange   [ '0.0.1',
129 silly addNameRange     '0.1.0',
129 silly addNameRange     '0.2.0',
129 silly addNameRange     '0.3.0',
129 silly addNameRange     '0.4.0',
129 silly addNameRange     '0.4.1',
129 silly addNameRange     '0.5.0',
129 silly addNameRange     '0.6.0',
129 silly addNameRange     '0.7.0',
129 silly addNameRange     '0.7.1',
129 silly addNameRange     '0.7.2',
129 silly addNameRange     '0.7.3',
129 silly addNameRange     '0.7.4',
129 silly addNameRange     '0.8.0',
129 silly addNameRange     '0.8.1',
129 silly addNameRange     '1.0.0',
129 silly addNameRange     '1.0.1',
129 silly addNameRange     '1.0.2',
129 silly addNameRange     '1.0.3',
129 silly addNameRange     '1.0.4',
129 silly addNameRange     '2.0.0',
129 silly addNameRange     '2.1.0',
129 silly addNameRange     '2.1.1',
129 silly addNameRange     '2.1.2',
129 silly addNameRange     '2.1.3',
129 silly addNameRange     '2.2.0' ] ]
130 silly addNamed debug@2.2.0
131 verbose addNamed "2.2.0" is a plain semver version for debug
132 silly mapToRegistry name debug
133 silly mapToRegistry using default registry
134 silly mapToRegistry registry https://registry.npmjs.org/
135 silly mapToRegistry uri https://registry.npmjs.org/debug
136 verbose addRemoteTarball https://registry.npmjs.org/debug/-/debug-2.2.0.tgz not in flight; adding
137 verbose addRemoteTarball [ 'https://registry.npmjs.org/debug/-/debug-2.2.0.tgz',
137 verbose addRemoteTarball   'f87057e995b1a1f6ae6a4960664137bc56f039da' ]
138 silly addNameRange number 2 { name: 'serve-favicon', range: '>=2.2.1 <2.3.0', hasData: true }
139 silly addNameRange versions [ 'serve-favicon',
139 silly addNameRange   [ '2.0.0',
139 silly addNameRange     '2.0.1',
139 silly addNameRange     '2.1.0',
139 silly addNameRange     '2.1.1',
139 silly addNameRange     '2.1.2',
139 silly addNameRange     '2.1.3',
139 silly addNameRange     '2.1.4',
139 silly addNameRange     '2.1.5',
139 silly addNameRange     '2.1.6',
139 silly addNameRange     '2.1.7',
139 silly addNameRange     '2.2.0',
139 silly addNameRange     '2.2.1',
139 silly addNameRange     '2.3.0' ] ]
140 silly addNamed serve-favicon@2.2.1
141 verbose addNamed "2.2.1" is a plain semver version for serve-favicon
142 info retry fetch attempt 1 at 3:41:25 PM
143 info attempt registry request try #1 at 3:41:25 PM
144 http fetch GET https://registry.npmjs.org/debug/-/debug-2.2.0.tgz
145 silly mapToRegistry name serve-favicon
146 silly mapToRegistry using default registry
147 silly mapToRegistry registry https://registry.npmjs.org/
148 silly mapToRegistry uri https://registry.npmjs.org/serve-favicon
149 verbose addRemoteTarball https://registry.npmjs.org/serve-favicon/-/serve-favicon-2.2.1.tgz not in flight; adding
150 verbose addRemoteTarball [ 'https://registry.npmjs.org/serve-favicon/-/serve-favicon-2.2.1.tgz',
150 verbose addRemoteTarball   'd97bacc150f66fe0e5cc4c78a84ba15bae5a584a' ]
151 silly addNameRange number 2 { name: 'cookie-parser', range: '>=1.3.5 <1.4.0', hasData: true }
152 silly addNameRange versions [ 'cookie-parser',
152 silly addNameRange   [ '1.0.0',
152 silly addNameRange     '1.0.1',
152 silly addNameRange     '1.1.0',
152 silly addNameRange     '1.2.0',
152 silly addNameRange     '1.3.0',
152 silly addNameRange     '1.3.1',
152 silly addNameRange     '1.3.2',
152 silly addNameRange     '1.3.3',
152 silly addNameRange     '1.3.4',
152 silly addNameRange     '1.3.5' ] ]
153 silly addNamed cookie-parser@1.3.5
154 verbose addNamed "1.3.5" is a plain semver version for cookie-parser
155 info retry fetch attempt 1 at 3:41:25 PM
156 info attempt registry request try #1 at 3:41:25 PM
157 http fetch GET https://registry.npmjs.org/serve-favicon/-/serve-favicon-2.2.1.tgz
158 silly mapToRegistry name cookie-parser
159 silly mapToRegistry using default registry
160 silly mapToRegistry registry https://registry.npmjs.org/
161 silly mapToRegistry uri https://registry.npmjs.org/cookie-parser
162 verbose addRemoteTarball https://registry.npmjs.org/cookie-parser/-/cookie-parser-1.3.5.tgz not in flight; adding
163 verbose addRemoteTarball [ 'https://registry.npmjs.org/cookie-parser/-/cookie-parser-1.3.5.tgz',
163 verbose addRemoteTarball   '9d755570fb5d17890771227a02314d9be7cf8356' ]
164 info retry fetch attempt 1 at 3:41:25 PM
165 info attempt registry request try #1 at 3:41:25 PM
166 http fetch GET https://registry.npmjs.org/cookie-parser/-/cookie-parser-1.3.5.tgz
167 http 200 https://registry.npmjs.org/morgan
168 silly get cb [ 200,
168 silly get   { server: 'CouchDB/1.5.0 (Erlang OTP/R16B03)',
168 silly get     etag: '"4D99MFKO0Z538LQ11GT3S64LI"',
168 silly get     'content-type': 'application/json',
168 silly get     'cache-control': 'max-age=60',
168 silly get     'content-length': '41715',
168 silly get     'accept-ranges': 'bytes',
168 silly get     date: 'Wed, 08 Jul 2015 12:42:31 GMT',
168 silly get     via: '1.1 varnish',
168 silly get     age: '11',
168 silly get     connection: 'keep-alive',
168 silly get     'x-served-by': 'cache-fra1234-FRA',
168 silly get     'x-cache': 'HIT',
168 silly get     'x-cache-hits': '2',
168 silly get     'x-timer': 'S1436359351.096883,VS0,VE0',
168 silly get     vary: 'Accept' } ]
169 verbose get saving morgan to C:\Users\Vyara\AppData\Roaming\npm-cache\registry.npmjs.org\morgan\.cache.json
170 silly addNameRange number 2 { name: 'morgan', range: '>=1.5.3 <1.6.0', hasData: true }
171 silly addNameRange versions [ 'morgan',
171 silly addNameRange   [ '1.0.0',
171 silly addNameRange     '1.0.1',
171 silly addNameRange     '1.1.0',
171 silly addNameRange     '1.1.1',
171 silly addNameRange     '1.2.0',
171 silly addNameRange     '1.2.1',
171 silly addNameRange     '1.2.2',
171 silly addNameRange     '1.2.3',
171 silly addNameRange     '1.3.0',
171 silly addNameRange     '1.3.1',
171 silly addNameRange     '1.3.2',
171 silly addNameRange     '1.4.0',
171 silly addNameRange     '1.4.1',
171 silly addNameRange     '1.5.0',
171 silly addNameRange     '1.5.1',
171 silly addNameRange     '1.5.2',
171 silly addNameRange     '1.5.3',
171 silly addNameRange     '1.6.0',
171 silly addNameRange     '1.6.1' ] ]
172 silly addNamed morgan@1.5.3
173 verbose addNamed "1.5.3" is a plain semver version for morgan
174 silly mapToRegistry name morgan
175 silly mapToRegistry using default registry
176 silly mapToRegistry registry https://registry.npmjs.org/
177 silly mapToRegistry uri https://registry.npmjs.org/morgan
178 verbose addRemoteTarball https://registry.npmjs.org/morgan/-/morgan-1.5.3.tgz not in flight; adding
179 verbose addRemoteTarball [ 'https://registry.npmjs.org/morgan/-/morgan-1.5.3.tgz',
179 verbose addRemoteTarball   '8adb4e72f9e5c5436e5d93f42910835f79da9fdf' ]
180 info retry fetch attempt 1 at 3:41:25 PM
181 info attempt registry request try #1 at 3:41:25 PM
182 http fetch GET https://registry.npmjs.org/morgan/-/morgan-1.5.3.tgz
183 http 200 https://registry.npmjs.org/body-parser
184 silly get cb [ 200,
184 silly get   { server: 'CouchDB/1.5.0 (Erlang OTP/R16B03)',
184 silly get     etag: '"DQHPHO6Q3JLQW3ZITVRBGYPE8"',
184 silly get     'content-type': 'application/json',
184 silly get     'cache-control': 'max-age=60',
184 silly get     'content-length': '103778',
184 silly get     'accept-ranges': 'bytes',
184 silly get     date: 'Wed, 08 Jul 2015 12:42:31 GMT',
184 silly get     via: '1.1 varnish',
184 silly get     age: '48',
184 silly get     connection: 'keep-alive',
184 silly get     'x-served-by': 'cache-fra1243-FRA',
184 silly get     'x-cache': 'HIT',
184 silly get     'x-cache-hits': '3',
184 silly get     'x-timer': 'S1436359351.092361,VS0,VE0',
184 silly get     vary: 'Accept' } ]
185 verbose get saving body-parser to C:\Users\Vyara\AppData\Roaming\npm-cache\registry.npmjs.org\body-parser\.cache.json
186 silly addNameRange number 2 { name: 'body-parser', range: '>=1.12.4 <1.13.0', hasData: true }
187 silly addNameRange versions [ 'body-parser',
187 silly addNameRange   [ '1.0.0',
187 silly addNameRange     '1.0.1',
187 silly addNameRange     '1.0.2',
187 silly addNameRange     '1.1.0',
187 silly addNameRange     '1.1.1',
187 silly addNameRange     '1.1.2',
187 silly addNameRange     '1.2.0',
187 silly addNameRange     '1.2.1',
187 silly addNameRange     '1.2.2',
187 silly addNameRange     '1.3.0',
187 silly addNameRange     '1.3.1',
187 silly addNameRange     '1.4.0',
187 silly addNameRange     '1.4.1',
187 silly addNameRange     '1.4.2',
187 silly addNameRange     '1.4.3',
187 silly addNameRange     '1.5.0',
187 silly addNameRange     '1.5.1',
187 silly addNameRange     '1.5.2',
187 silly addNameRange     '1.6.0',
187 silly addNameRange     '1.6.1',
187 silly addNameRange     '1.6.2',
187 silly addNameRange     '1.6.3',
187 silly addNameRange     '1.6.4',
187 silly addNameRange     '1.6.5',
187 silly addNameRange     '1.6.6',
187 silly addNameRange     '1.6.7',
187 silly addNameRange     '1.7.0',
187 silly addNameRange     '1.8.0',
187 silly addNameRange     '1.8.1',
187 silly addNameRange     '1.8.2',
187 silly addNameRange     '1.8.3',
187 silly addNameRange     '1.8.4',
187 silly addNameRange     '1.9.0',
187 silly addNameRange     '1.9.1',
187 silly addNameRange     '1.9.2',
187 silly addNameRange     '1.9.3',
187 silly addNameRange     '1.10.0',
187 silly addNameRange     '1.10.1',
187 silly addNameRange     '1.10.2',
187 silly addNameRange     '1.11.0',
187 silly addNameRange     '1.12.0',
187 silly addNameRange     '1.12.1',
187 silly addNameRange     '1.12.2',
187 silly addNameRange     '1.12.3',
187 silly addNameRange     '1.12.4',
187 silly addNameRange     '1.13.0',
187 silly addNameRange     '1.13.1',
187 silly addNameRange     '1.13.2' ] ]
188 silly addNamed body-parser@1.12.4
189 verbose addNamed "1.12.4" is a plain semver version for body-parser
190 silly mapToRegistry name body-parser
191 silly mapToRegistry using default registry
192 silly mapToRegistry registry https://registry.npmjs.org/
193 silly mapToRegistry uri https://registry.npmjs.org/body-parser
194 verbose addRemoteTarball https://registry.npmjs.org/body-parser/-/body-parser-1.12.4.tgz not in flight; adding
195 verbose addRemoteTarball [ 'https://registry.npmjs.org/body-parser/-/body-parser-1.12.4.tgz',
195 verbose addRemoteTarball   '090700c4ba28862a8520ef378395fdee5f61c229' ]
196 info retry fetch attempt 1 at 3:41:25 PM
197 info attempt registry request try #1 at 3:41:25 PM
198 http fetch GET https://registry.npmjs.org/body-parser/-/body-parser-1.12.4.tgz
199 http 200 https://registry.npmjs.org/jade
200 silly get cb [ 200,
200 silly get   { server: 'CouchDB/1.5.0 (Erlang OTP/R16B03)',
200 silly get     etag: '"BXYWHQY80P2PLKZYGDVPESYYI"',
200 silly get     'content-type': 'application/json',
200 silly get     'cache-control': 'max-age=60',
200 silly get     'content-length': '147461',
200 silly get     'accept-ranges': 'bytes',
200 silly get     date: 'Wed, 08 Jul 2015 12:42:31 GMT',
200 silly get     via: '1.1 varnish',
200 silly get     age: '43',
200 silly get     connection: 'keep-alive',
200 silly get     'x-served-by': 'cache-fra1220-FRA',
200 silly get     'x-cache': 'HIT',
200 silly get     'x-cache-hits': '2',
200 silly get     'x-timer': 'S1436359351.117989,VS0,VE0',
200 silly get     vary: 'Accept' } ]
201 verbose get saving jade to C:\Users\Vyara\AppData\Roaming\npm-cache\registry.npmjs.org\jade\.cache.json
202 http fetch 200 https://registry.npmjs.org/cookie-parser/-/cookie-parser-1.3.5.tgz
203 http fetch 200 https://registry.npmjs.org/serve-favicon/-/serve-favicon-2.2.1.tgz
204 http fetch 200 https://registry.npmjs.org/debug/-/debug-2.2.0.tgz
205 silly fetchAndShaCheck shasum 9d755570fb5d17890771227a02314d9be7cf8356
206 silly fetchAndShaCheck shasum d97bacc150f66fe0e5cc4c78a84ba15bae5a584a
207 silly fetchAndShaCheck shasum f87057e995b1a1f6ae6a4960664137bc56f039da
208 verbose addTmpTarball C:\Users\Vyara\AppData\Local\Temp\npm-123896-6ca9213b\registry.npmjs.org\cookie-parser\-\cookie-parser-1.3.5.tgz not in flight; adding
209 verbose addTmpTarball already have metadata; skipping unpack for cookie-parser@1.3.5
210 verbose addTmpTarball C:\Users\Vyara\AppData\Local\Temp\npm-123896-6ca9213b\registry.npmjs.org\serve-favicon\-\serve-favicon-2.2.1.tgz not in flight; adding
211 verbose addTmpTarball already have metadata; skipping unpack for serve-favicon@2.2.1
212 verbose addTmpTarball C:\Users\Vyara\AppData\Local\Temp\npm-123896-6ca9213b\registry.npmjs.org\debug\-\debug-2.2.0.tgz not in flight; adding
213 verbose addTmpTarball already have metadata; skipping unpack for debug@2.2.0
214 silly addNameRange number 2 { name: 'jade', range: '>=1.9.2 <1.10.0', hasData: true }
215 silly addNameRange versions [ 'jade',
215 silly addNameRange   [ '0.0.1',
215 silly addNameRange     '0.0.2',
215 silly addNameRange     '0.1.0',
215 silly addNameRange     '0.2.0',
215 silly addNameRange     '0.2.1',
215 silly addNameRange     '0.2.2',
215 silly addNameRange     '0.2.3',
215 silly addNameRange     '0.2.4',
215 silly addNameRange     '0.3.0',
215 silly addNameRange     '0.4.0',
215 silly addNameRange     '0.4.1',
215 silly addNameRange     '0.5.0',
215 silly addNameRange     '0.5.1',
215 silly addNameRange     '0.5.2',
215 silly addNameRange     '0.5.3',
215 silly addNameRange     '0.5.4',
215 silly addNameRange     '0.5.5',
215 silly addNameRange     '0.5.6',
215 silly addNameRange     '0.5.7',
215 silly addNameRange     '0.6.0',
215 silly addNameRange     '0.6.1',
215 silly addNameRange     '0.6.3',
215 silly addNameRange     '0.7.0',
215 silly addNameRange     '0.7.1',
215 silly addNameRange     '0.8.0',
215 silly addNameRange     '0.8.1',
215 silly addNameRange     '0.8.2',
215 silly addNameRange     '0.8.3',
215 silly addNameRange     '0.8.4',
215 silly addNameRange     '0.8.5',
215 silly addNameRange     '0.8.6',
215 silly addNameRange     '0.8.7',
215 silly addNameRange     '0.8.8',
215 silly addNameRange     '0.8.9',
215 silly addNameRange     '0.9.0',
215 silly addNameRange     '0.9.1',
215 silly addNameRange     '0.9.2',
215 silly addNameRange     '0.9.3',
215 silly addNameRange     '0.10.0',
215 silly addNameRange     '0.10.1',
215 silly addNameRange     '0.10.2',
215 silly addNameRange     '0.10.3',
215 silly addNameRange     '0.10.4',
215 silly addNameRange     '0.10.5',
215 silly addNameRange     '0.10.6',
215 silly addNameRange     '0.10.7',
215 silly addNameRange     '0.11.0',
215 silly addNameRange     '0.11.1',
215 silly addNameRange     '0.12.0',
215 silly addNameRange     '0.12.1',
215 silly addNameRange     '0.12.2',
215 silly addNameRange     '0.12.3',
215 silly addNameRange     '0.12.4',
215 silly addNameRange     '0.13.0',
215 silly addNameRange     '0.14.0',
215 silly addNameRange     '0.14.1',
215 silly addNameRange     '0.14.2',
215 silly addNameRange     '0.15.0',
215 silly addNameRange     '0.15.1',
215 silly addNameRange     '0.15.2',
215 silly addNameRange     '0.15.3',
215 silly addNameRange     '0.15.4',
215 silly addNameRange     '0.16.0',
215 silly addNameRange     '0.16.1',
215 silly addNameRange     '0.16.2',
215 silly addNameRange     '0.16.3',
215 silly addNameRange     '0.16.4',
215 silly addNameRange     '0.17.0',
215 silly addNameRange     '0.18.0',
215 silly addNameRange     '0.19.0',
215 silly addNameRange     '0.20.0',
215 silly addNameRange     '0.20.1',
215 silly addNameRange     '0.20.2',
215 silly addNameRange     '0.20.3',
215 silly addNameRange     '0.21.0',
215 silly addNameRange     '0.22.0',
215 silly addNameRange     '0.22.1',
215 silly addNameRange     '0.23.0',
215 silly addNameRange     '0.24.0',
215 silly addNameRange     '0.25.0',
215 silly addNameRange     '0.26.0',
215 silly addNameRange     '0.26.1',
215 silly addNameRange     '0.26.2',
215 silly addNameRange     '0.26.3',
215 silly addNameRange     '0.27.0',
215 silly addNameRange     '0.27.1',
215 silly addNameRange     '0.27.2',
215 silly addNameRange     '0.27.3',
215 silly addNameRange     '0.27.4',
215 silly addNameRange     '0.27.5',
215 silly addNameRange     '0.27.6',
215 silly addNameRange     '0.27.7',
215 silly addNameRange     '0.28.0',
215 silly addNameRange     '0.28.1',
215 silly addNameRange     '0.28.2',
215 silly addNameRange     '0.29.0',
215 silly addNameRange     '0.30.0',
215 silly addNameRange     '0.31.0',
215 silly addNameRange     '0.31.1',
215 silly addNameRange     '0.31.2',
215 silly addNameRange     '0.32.0',
215 silly addNameRange     '0.33.0',
215 silly addNameRange     '0.34.0',
215 silly addNameRange     '0.34.1',
215 silly addNameRange     '0.35.0',
215 silly addNameRange     '1.0.0',
215 silly addNameRange     '1.0.1',
215 silly addNameRange     '1.0.2',
215 silly addNameRange     '1.1.0',
215 silly addNameRange     '1.1.1',
215 silly addNameRange     '1.1.2',
215 silly addNameRange     '1.1.3',
215 silly addNameRange     '1.1.4',
215 silly addNameRange     '1.1.5',
215 silly addNameRange     '1.2.0',
215 silly addNameRange     '1.3.0',
215 silly addNameRange     '1.3.1',
215 silly addNameRange     '1.4.0',
215 silly addNameRange     '1.4.1',
215 silly addNameRange     '1.4.2',
215 silly addNameRange     '1.5.0',
215 silly addNameRange     '1.6.0',
215 silly addNameRange     '1.7.0',
215 silly addNameRange     '1.8.0',
215 silly addNameRange     '1.8.1',
215 silly addNameRange     '1.8.2',
215 silly addNameRange     '1.9.0',
215 silly addNameRange     '1.9.1',
215 silly addNameRange     '1.9.2',
215 silly addNameRange     '1.10.0',
215 silly addNameRange     '1.11.0' ] ]
216 silly addNamed jade@1.9.2
217 verbose addNamed "1.9.2" is a plain semver version for jade
218 silly mapToRegistry name jade
219 silly mapToRegistry using default registry
220 silly mapToRegistry registry https://registry.npmjs.org/
221 silly mapToRegistry uri https://registry.npmjs.org/jade
222 verbose addRemoteTarball https://registry.npmjs.org/jade/-/jade-1.9.2.tgz not in flight; adding
223 verbose addRemoteTarball [ 'https://registry.npmjs.org/jade/-/jade-1.9.2.tgz',
223 verbose addRemoteTarball   '0b89f9c60d4ead2738e826ba7b2ccac9a5702abe' ]
224 info retry fetch attempt 1 at 3:41:25 PM
225 info attempt registry request try #1 at 3:41:25 PM
226 http fetch GET https://registry.npmjs.org/jade/-/jade-1.9.2.tgz
227 silly cache afterAdd serve-favicon@2.2.1
228 verbose afterAdd C:\Users\Vyara\AppData\Roaming\npm-cache\serve-favicon\2.2.1\package\package.json not in flight; writing
229 silly cache afterAdd cookie-parser@1.3.5
230 verbose afterAdd C:\Users\Vyara\AppData\Roaming\npm-cache\cookie-parser\1.3.5\package\package.json not in flight; writing
231 silly cache afterAdd debug@2.2.0
232 verbose afterAdd C:\Users\Vyara\AppData\Roaming\npm-cache\debug\2.2.0\package\package.json not in flight; writing
233 verbose afterAdd C:\Users\Vyara\AppData\Roaming\npm-cache\serve-favicon\2.2.1\package\package.json written
234 verbose afterAdd C:\Users\Vyara\AppData\Roaming\npm-cache\debug\2.2.0\package\package.json written
235 verbose afterAdd C:\Users\Vyara\AppData\Roaming\npm-cache\cookie-parser\1.3.5\package\package.json written
236 http fetch 200 https://registry.npmjs.org/morgan/-/morgan-1.5.3.tgz
237 silly fetchAndShaCheck shasum 8adb4e72f9e5c5436e5d93f42910835f79da9fdf
238 verbose addTmpTarball C:\Users\Vyara\AppData\Local\Temp\npm-123896-6ca9213b\registry.npmjs.org\morgan\-\morgan-1.5.3.tgz not in flight; adding
239 verbose addTmpTarball already have metadata; skipping unpack for morgan@1.5.3
240 silly cache afterAdd morgan@1.5.3
241 verbose afterAdd C:\Users\Vyara\AppData\Roaming\npm-cache\morgan\1.5.3\package\package.json not in flight; writing
242 verbose afterAdd C:\Users\Vyara\AppData\Roaming\npm-cache\morgan\1.5.3\package\package.json written
243 http fetch 200 https://registry.npmjs.org/body-parser/-/body-parser-1.12.4.tgz
244 silly fetchAndShaCheck shasum 090700c4ba28862a8520ef378395fdee5f61c229
245 verbose addTmpTarball C:\Users\Vyara\AppData\Local\Temp\npm-123896-6ca9213b\registry.npmjs.org\body-parser\-\body-parser-1.12.4.tgz not in flight; adding
246 verbose addTmpTarball already have metadata; skipping unpack for body-parser@1.12.4
247 silly cache afterAdd body-parser@1.12.4
248 verbose afterAdd C:\Users\Vyara\AppData\Roaming\npm-cache\body-parser\1.12.4\package\package.json not in flight; writing
249 verbose afterAdd C:\Users\Vyara\AppData\Roaming\npm-cache\body-parser\1.12.4\package\package.json written
250 http 200 https://registry.npmjs.org/express
251 silly get cb [ 200,
251 silly get   { server: 'CouchDB/1.5.0 (Erlang OTP/R16B03)',
251 silly get     etag: '"2GU8UB1K0W75AMV4HG0W1CBPN"',
251 silly get     'content-type': 'application/json',
251 silly get     'cache-control': 'max-age=60',
251 silly get     'content-length': '515542',
251 silly get     'accept-ranges': 'bytes',
251 silly get     date: 'Wed, 08 Jul 2015 12:42:31 GMT',
251 silly get     via: '1.1 varnish',
251 silly get     age: '54',
251 silly get     connection: 'keep-alive',
251 silly get     'x-served-by': 'cache-fra1236-FRA',
251 silly get     'x-cache': 'HIT',
251 silly get     'x-cache-hits': '2',
251 silly get     'x-timer': 'S1436359351.116584,VS0,VE0',
251 silly get     vary: 'Accept' } ]
252 verbose get saving express to C:\Users\Vyara\AppData\Roaming\npm-cache\registry.npmjs.org\express\.cache.json
253 silly addNameRange number 2 { name: 'express', range: '>=4.12.4 <4.13.0', hasData: true }
254 silly addNameRange versions [ 'express',
254 silly addNameRange   [ '0.14.0',
254 silly addNameRange     '0.14.1',
254 silly addNameRange     '1.0.0',
254 silly addNameRange     '1.0.1',
254 silly addNameRange     '1.0.2',
254 silly addNameRange     '1.0.3',
254 silly addNameRange     '1.0.4',
254 silly addNameRange     '1.0.5',
254 silly addNameRange     '1.0.6',
254 silly addNameRange     '1.0.7',
254 silly addNameRange     '1.0.8',
254 silly addNameRange     '2.0.0',
254 silly addNameRange     '2.1.0',
254 silly addNameRange     '2.1.1',
254 silly addNameRange     '2.2.0',
254 silly addNameRange     '2.2.1',
254 silly addNameRange     '2.2.2',
254 silly addNameRange     '2.3.0',
254 silly addNameRange     '2.3.1',
254 silly addNameRange     '2.3.2',
254 silly addNameRange     '2.3.3',
254 silly addNameRange     '2.3.4',
254 silly addNameRange     '2.3.5',
254 silly addNameRange     '2.3.6',
254 silly addNameRange     '2.3.7',
254 silly addNameRange     '2.3.8',
254 silly addNameRange     '2.3.9',
254 silly addNameRange     '2.3.10',
254 silly addNameRange     '2.3.11',
254 silly addNameRange     '2.3.12',
254 silly addNameRange     '2.4.0',
254 silly addNameRange     '2.4.1',
254 silly addNameRange     '2.4.2',
254 silly addNameRange     '2.4.3',
254 silly addNameRange     '2.4.4',
254 silly addNameRange     '2.4.5',
254 silly addNameRange     '2.4.6',
254 silly addNameRange     '2.4.7',
254 silly addNameRange     '2.5.0',
254 silly addNameRange     '2.5.1',
254 silly addNameRange     '2.5.2',
254 silly addNameRange     '2.5.3',
254 silly addNameRange     '2.5.4',
254 silly addNameRange     '2.5.5',
254 silly addNameRange     '2.5.6',
254 silly addNameRange     '2.5.7',
254 silly addNameRange     '2.5.8',
254 silly addNameRange     '2.5.9',
254 silly addNameRange     '2.5.10',
254 silly addNameRange     '2.5.11',
254 silly addNameRange     '3.0.0',
254 silly addNameRange     '3.0.1',
254 silly addNameRange     '3.0.2',
254 silly addNameRange     '3.0.3',
254 silly addNameRange     '3.0.4',
254 silly addNameRange     '3.0.5',
254 silly addNameRange     '3.0.6',
254 silly addNameRange     '3.1.0',
254 silly addNameRange     '3.1.1',
254 silly addNameRange     '3.1.2',
254 silly addNameRange     '3.2.0',
254 silly addNameRange     '3.2.1',
254 silly addNameRange     '3.2.2',
254 silly addNameRange     '3.2.3',
254 silly addNameRange     '3.2.4',
254 silly addNameRange     '3.2.5',
254 silly addNameRange     '3.2.6',
254 silly addNameRange     '3.3.0',
254 silly addNameRange     '3.3.1',
254 silly addNameRange     '3.3.2',
254 silly addNameRange     '3.3.3',
254 silly addNameRange     '3.3.4',
254 silly addNameRange     '3.3.5',
254 silly addNameRange     '3.3.6',
254 silly addNameRange     '1.0.0-beta',
254 silly addNameRange     '1.0.0-beta2',
254 silly addNameRange     '1.0.0-rc',
254 silly addNameRange     '1.0.0-rc2',
254 silly addNameRange     '1.0.0-rc3',
254 silly addNameRange     '1.0.0-rc4',
254 silly addNameRange     '2.0.0-beta',
254 silly addNameRange     '2.0.0-beta2',
254 silly addNameRange     '2.0.0-beta3',
254 silly addNameRange     '2.0.0-rc',
254 silly addNameRange     '2.0.0-rc2',
254 silly addNameRange     '2.0.0-rc3',
254 silly addNameRange     '3.0.0-alpha1',
254 silly addNameRange     '3.0.0-alpha2',
254 silly addNameRange     '3.0.0-alpha3',
254 silly addNameRange     '3.0.0-alpha4',
254 silly addNameRange     '3.0.0-alpha5',
254 silly addNameRange     '3.0.0-beta1',
254 silly addNameRange     '3.0.0-beta2',
254 silly addNameRange     '3.0.0-beta3',
254 silly addNameRange     '3.0.0-beta4',
254 silly addNameRange     '3.0.0-beta6',
254 silly addNameRange     '3.0.0-beta7',
254 silly addNameRange     '3.0.0-rc1',
254 silly addNameRange     '3.0.0-rc2',
254 silly addNameRange     '3.0.0-rc3',
254 silly addNameRange     '3.0.0-rc4',
254 silly addNameRange     '3.0.0-rc5',
254 silly addNameRange     '3.3.7',
254 silly addNameRange     '3.3.8',
254 silly addNameRange     '3.4.0',
254 silly addNameRange     '3.4.1',
254 silly addNameRange     '3.4.2',
254 silly addNameRange     '3.4.3',
254 silly addNameRange     '3.4.4',
254 silly addNameRange     '3.4.5',
254 silly addNameRange     '3.4.6',
254 silly addNameRange     '3.4.7',
254 silly addNameRange     '3.4.8',
254 silly addNameRange     '4.0.0-rc1',
254 silly addNameRange     '4.0.0-rc2',
254 silly addNameRange     '3.5.0',
254 silly addNameRange     '4.0.0-rc3',
254 silly addNameRange     '4.0.0-rc4',
254 silly addNameRange     '3.5.1',
254 silly addNameRange     '4.0.0',
254 silly addNameRange     '3.5.2',
254 silly addNameRange     '4.1.0',
254 silly addNameRange     '4.1.1',
254 silly addNameRange     '3.5.3',
254 silly addNameRange     '4.1.2',
254 silly addNameRange     '3.6.0',
254 silly addNameRange     '4.2.0',
254 silly addNameRange     '3.7.0',
254 silly addNameRange     '3.8.0',
254 silly addNameRange     '4.3.0',
254 silly addNameRange     '4.3.1',
254 silly addNameRange     '3.8.1',
254 silly addNameRange     '4.3.2',
254 silly addNameRange     '3.9.0',
254 silly addNameRange     '4.4.0',
254 silly addNameRange     '4.4.1',
254 silly addNameRange     '3.10.0',
254 silly addNameRange     '3.10.1',
254 silly addNameRange     '3.10.2',
254 silly addNameRange     '3.10.3',
254 silly addNameRange     '3.10.4',
254 silly addNameRange     '4.4.2',
254 silly addNameRange     '3.10.5',
254 silly addNameRange     '4.4.3',
254 silly addNameRange     '3.11.0',
254 silly addNameRange     '4.4.4',
254 silly addNameRange     '3.12.0',
254 silly addNameRange     '3.12.1',
254 silly addNameRange     '4.4.5',
254 silly addNameRange     '3.13.0',
254 silly addNameRange     '4.5.0',
254 silly addNameRange     '4.5.1',
254 silly addNameRange     '3.14.0',
254 silly addNameRange     '4.6.0',
254 silly addNameRange     '4.6.1',
254 silly addNameRange     '3.15.0',
254 silly addNameRange     '4.7.0',
254 silly addNameRange     '3.15.1',
254 silly addNameRange     '4.7.1',
254 silly addNameRange     '3.15.2',
254 silly addNameRange     '4.7.2',
254 silly addNameRange     '4.7.3',
254 silly addNameRange     '3.15.3',
254 silly addNameRange     '4.7.4',
254 silly addNameRange     '3.16.0',
254 silly addNameRange     '4.8.0',
254 silly addNameRange     '3.16.1',
254 silly addNameRange     '4.8.1',
254 silly addNameRange     '3.16.2',
254 silly addNameRange     '4.8.2',
254 silly addNameRange     '3.16.3',
254 silly addNameRange     '3.16.4',
254 silly addNameRange     '4.8.3',
254 silly addNameRange     '3.16.5',
254 silly addNameRange     '3.16.6',
254 silly addNameRange     '4.8.4',
254 silly addNameRange     '3.16.7',
254 silly addNameRange     '4.8.5',
254 silly addNameRange     '3.16.8',
254 silly addNameRange     '4.8.6',
254 silly addNameRange     '3.16.9',
254 silly addNameRange     '4.8.7',
254 silly addNameRange     '3.16.10',
254 silly addNameRange     '4.8.8',
254 silly addNameRange     '3.17.0',
254 silly addNameRange     '3.17.1',
254 silly addNameRange     '4.9.0',
254 silly addNameRange     '3.17.2',
254 silly addNameRange     '4.9.1',
254 silly addNameRange     '4.9.2',
254 silly addNameRange     '3.17.3',
254 silly addNameRange     '4.9.3',
254 silly addNameRange     '3.17.4',
254 silly addNameRange     '4.9.4',
254 silly addNameRange     '3.17.5',
254 silly addNameRange     '4.9.5',
254 silly addNameRange     '3.17.6',
254 silly addNameRange     '3.17.7',
254 silly addNameRange     '4.9.6',
254 silly addNameRange     '4.9.7',
254 silly addNameRange     '3.17.8',
254 silly addNameRange     '4.9.8',
254 silly addNameRange     '3.18.0',
254 silly addNameRange     '3.18.1',
254 silly addNameRange     '4.10.0',
254 silly addNameRange     '3.18.2',
254 silly addNameRange     '4.10.1',
254 silly addNameRange     '5.0.0-alpha.1',
254 silly addNameRange     '3.18.3',
254 silly addNameRange     '4.10.2',
254 silly addNameRange     '3.18.4',
254 silly addNameRange     '4.10.3',
254 silly addNameRange     '4.10.4',
254 silly addNameRange     '4.10.5',
254 silly addNameRange     '3.18.5',
254 silly addNameRange     '3.18.6',
254 silly addNameRange     '4.10.6',
254 silly addNameRange     '4.10.7',
254 silly addNameRange     '3.19.0',
254 silly addNameRange     '4.10.8',
254 silly addNameRange     '4.11.0',
254 silly addNameRange     '3.19.1',
254 silly addNameRange     '4.11.1',
254 silly addNameRange     '3.19.2',
254 silly addNameRange     '4.11.2',
254 silly addNameRange     '3.20.0',
254 silly addNameRange     '4.12.0',
254 silly addNameRange     '3.20.1',
254 silly addNameRange     '4.12.1',
254 silly addNameRange     '4.12.2',
254 silly addNameRange     '3.20.2',
254 silly addNameRange     '4.12.3',
254 silly addNameRange     '3.20.3',
254 silly addNameRange     '4.12.4',
254 silly addNameRange     '3.21.0',
254 silly addNameRange     '4.13.0',
254 silly addNameRange     '3.21.1',
254 silly addNameRange     '4.13.1',
254 silly addNameRange     '5.0.0-alpha.2' ] ]
255 silly addNamed express@4.12.4
256 verbose addNamed "4.12.4" is a plain semver version for express
257 silly mapToRegistry name express
258 silly mapToRegistry using default registry
259 silly mapToRegistry registry https://registry.npmjs.org/
260 silly mapToRegistry uri https://registry.npmjs.org/express
261 verbose addRemoteTarball https://registry.npmjs.org/express/-/express-4.12.4.tgz not in flight; adding
262 verbose addRemoteTarball [ 'https://registry.npmjs.org/express/-/express-4.12.4.tgz',
262 verbose addRemoteTarball   '8fec2510255bc6b2e58107c48239c0fa307c1aa2' ]
263 info retry fetch attempt 1 at 3:41:25 PM
264 info attempt registry request try #1 at 3:41:25 PM
265 http fetch GET https://registry.npmjs.org/express/-/express-4.12.4.tgz
266 http fetch 200 https://registry.npmjs.org/jade/-/jade-1.9.2.tgz
267 info retry will retry, error on last attempt: Error: read ECONNRESET
268 info retry will retry, error on last attempt: Error: read ECONNRESET
269 silly fetchAndShaCheck shasum 0b89f9c60d4ead2738e826ba7b2ccac9a5702abe
270 info retry will retry, error on last attempt: Error: read ECONNRESET
271 verbose stack Error: read ECONNRESET
271 verbose stack     at exports._errnoException (util.js:746:11)
271 verbose stack     at TCP.onread (net.js:559:26)
272 verbose cwd C:\Users\Vyara\WebstormProjects\JavaScript OOP\Player
273 error Windows_NT 6.3.9600
274 error argv "C:\\Program Files\\nodejs\\node.exe" "C:\\Program Files\\nodejs\\node_modules\\npm\\bin\\npm-cli.js" "install"
275 error node v0.12.4
276 error npm  v2.10.1
277 error code ECONNRESET
278 error errno ECONNRESET
279 error syscall read
280 error network read ECONNRESET
280 error network This is most likely not a problem with npm itself
280 error network and is related to network connectivity.
280 error network In most cases you are behind a proxy or have bad network settings.
280 error network
280 error network If you are behind a proxy, please make sure that the
280 error network 'proxy' config is set properly.  See: 'npm help config'
281 verbose exit [ 1, true ]
